[slurmR info] Loading variables and functions... done loading variables and functions.
[slurmR info] Loading packages ... 
── Attaching core tidyverse packages ──────────────────────── tidyverse 2.0.0 ──
✔ dplyr     1.1.4     ✔ readr     2.1.5
✔ forcats   1.0.0     ✔ stringr   1.5.1
✔ ggplot2   3.5.1     ✔ tibble    3.2.1
✔ lubridate 1.9.3     ✔ tidyr     1.3.1
✔ purrr     1.0.4     
── Conflicts ────────────────────────────────────────── tidyverse_conflicts() ──
✖ dplyr::filter() masks stats::filter()
✖ dplyr::lag()    masks stats::lag()
ℹ Use the conflicted package (<http://conflicted.r-lib.org/>) to force all conflicts to become errors

Attaching package: ‘epiworldR’

The following object is masked from ‘package:lubridate’:

    today

[slurmR info] done loading packages.
Starting multiple runs (10) using 10 thread(s)
_________________________________________________________________________
_________________________________________________________________________
||||||||||||||||||||||||||||||||||||||||||||||||||||||||||||||||||||||||| done.
/uufs/notchpeak.peaks/sys/var/slurm/slurmd.spool/notch365//job4941895/slurm_script: line 12: 3936459 Killed                  /uufs/chpc.utah.edu/sys/installdir/r8/R/4.4.0/lib64/R/bin/Rscript /uufs/chpc.utah.edu/common/home/u1418987/Desktop/Sims_calibrate/bias_coverage_analysis/00-rscript.r
slurmstepd: error: Detected 2 oom_kill events in StepId=4941895.batch. Some of the step tasks have been OOM Killed.
