[slurmR info] Loading variables and functions... done loading variables and functions.
[slurmR info] Loading packages ... 

Attaching package: ‘dplyr’

The following objects are masked from ‘package:stats’:

    filter, lag

The following objects are masked from ‘package:base’:

    intersect, setdiff, setequal, union

── Attaching core tidyverse packages ──────────────────────── tidyverse 2.0.0 ──
✔ forcats   1.0.0     ✔ stringr   1.5.1
✔ lubridate 1.9.3     ✔ tibble    3.2.1
✔ purrr     1.0.2     ✔ tidyr     1.3.1
✔ readr     2.1.5     
── Conflicts ────────────────────────────────────────── tidyverse_conflicts() ──
✖ dplyr::filter()    masks stats::filter()
✖ dplyr::lag()       masks stats::lag()
✖ lubridate::today() masks epiworldR::today()
ℹ Use the conflicted package (<http://conflicted.r-lib.org/>) to force all conflicts to become errors

Attaching package: ‘future’

The following object is masked from ‘package:epiworldR’:

    run


Attaching package: ‘data.table’

The following objects are masked from ‘package:lubridate’:

    hour, isoweek, mday, minute, month, quarter, second, wday, week,
    yday, year

The following object is masked from ‘package:purrr’:

    transpose

The following objects are masked from ‘package:dplyr’:

    between, first, last


Attaching package: ‘gridExtra’

The following object is masked from ‘package:dplyr’:

    combine


Attaching package: ‘cowplot’

The following object is masked from ‘package:lubridate’:

    stamp

[slurmR info] done loading packages.
Running simulation 5 of 100 
[slurmR info] An error has ocurred while evualting the expression:
[slurmR info]   {
[slurmR info]       ans <- parallel::mclapply(X = X, FUN = FUN, mc.cores = mc.cores)
[slurmR info]   }
[slurmR info] in ARRAY_ID # 5
[slurmR info] The error will be saved and quit R.
TRUEFALSE
[slurmR info] job-status: failed.

