[slurmR info] Loading variables and functions... done loading variables and functions.
[slurmR info] Loading packages ... 
── Attaching core tidyverse packages ──────────────────────── tidyverse 2.0.0 ──
✔ dplyr     1.1.4     ✔ purrr     1.0.4
✔ forcats   1.0.0     ✔ stringr   1.5.1
✔ ggplot2   3.5.1     ✔ tibble    3.2.1
✔ lubridate 1.9.3     ✔ tidyr     1.3.1
── Conflicts ────────────────────────────────────────── tidyverse_conflicts() ──
✖ dplyr::filter() masks stats::filter()
✖ dplyr::lag()    masks stats::lag()
ℹ Use the conflicted package (<http://conflicted.r-lib.org/>) to force all conflicts to become errors

Attaching package: ‘epiworldR’

The following object is masked from ‘package:lubridate’:

    today


Attaching package: ‘scales’

The following object is masked from ‘package:viridis’:

    viridis_pal

The following object is masked from ‘package:purrr’:

    discard

The following object is masked from ‘package:readr’:

    col_factor


Attaching package: ‘data.table’

The following objects are masked from ‘package:lubridate’:

    hour, isoweek, mday, minute, month, quarter, second, wday, week,
    yday, year

The following objects are masked from ‘package:dplyr’:

    between, first, last

The following object is masked from ‘package:purrr’:

    transpose


Attaching package: ‘gridExtra’

The following object is masked from ‘package:dplyr’:

    combine


Attaching package: ‘cowplot’

The following object is masked from ‘package:patchwork’:

    align_plots

The following object is masked from ‘package:lubridate’:

    stamp

[slurmR info] done loading packages.
Running simulation 191 of 1000 
_________________________________________________________________________
|||||||||||||||||||||||||||||||||||||||||||||||||||||||||||||||||||||||||Running simulation 192 of 1000 
_________________________________________________________________________
|||||||||||||||||||||||||||||||||||||||||||||||||||||||||||||||||||||||||Running simulation 193 of 1000 
_________________________________________________________________________
|||||||||||||||||||||||||||||||||||||||||||||||||||||||||||||||||||||||||Running simulation 194 of 1000 
_________________________________________________________________________
|||||||||||||||||||||||||||||||||||||||||||||||||||||||||||||||||||||||||Running simulation 195 of 1000 
_________________________________________________________________________
|||||||||||||||||||||||||||||||||||||||||||||||||||||||||||||||||||||||||Running simulation 196 of 1000 
_________________________________________________________________________
|||||||||||||||||||||||||||||||||||||||||||||||||||||||||||||||||||||||||Running simulation 197 of 1000 
_________________________________________________________________________
|||||||||||||||||||||||||||||||||||||||||||||||||||||||||||||||||||||||||Running simulation 198 of 1000 
_________________________________________________________________________
|||||||||||||||||||||||||||||||||||||||||||||||||||||||||||||||||||||||||Running simulation 199 of 1000 
_________________________________________________________________________
|||||||||||||||||||||||||||||||||||||||||||||||||||||||||||||||||||||||||Running simulation 200 of 1000 
_________________________________________________________________________
|||||||||||||||||||||||||||||||||||||||||||||||||||||||||||||||||||||||||[slurmR info] job-status: OK.

