[slurmR info] Loading variables and functions... done loading variables and functions.
[slurmR info] Loading packages ... 
── Attaching core tidyverse packages ──────────────────────── tidyverse 2.0.0 ──
✔ dplyr     1.1.4     ✔ readr     2.1.5
✔ forcats   1.0.0     ✔ stringr   1.5.1
✔ ggplot2   3.5.1     ✔ tibble    3.2.1
✔ lubridate 1.9.3     ✔ tidyr     1.3.1
✔ purrr     1.0.2     
── Conflicts ────────────────────────────────────────── tidyverse_conflicts() ──
✖ dplyr::filter() masks stats::filter()
✖ dplyr::lag()    masks stats::lag()
ℹ Use the conflicted package (<http://conflicted.r-lib.org/>) to force all conflicts to become errors

Attaching package: ‘epiworldR’

The following object is masked from ‘package:lubridate’:

    today


Attaching package: ‘gridExtra’

The following object is masked from ‘package:dplyr’:

    combine


Attaching package: ‘data.table’

The following objects are masked from ‘package:lubridate’:

    hour, isoweek, mday, minute, month, quarter, second, wday, week,
    yday, year

The following objects are masked from ‘package:dplyr’:

    between, first, last

The following object is masked from ‘package:purrr’:

    transpose


Attaching package: ‘cowplot’

The following object is masked from ‘package:patchwork’:

    align_plots

The following object is masked from ‘package:lubridate’:

    stamp

[slurmR info] done loading packages.
Running simulation 271 of 1000 
_________________________________________________________________________
|||||||||||||||||||||||||||||||||||||||||||||||||||||||||||||||||||||||||Running simulation 272 of 1000 
_________________________________________________________________________
|||||||||||||||||||||||||||||||||||||||||||||||||||||||||||||||||||||||||Running simulation 273 of 1000 
_________________________________________________________________________
|||||||||||||||||||||||||||||||||||||||||||||||||||||||||||||||||||||||||Running simulation 274 of 1000 
_________________________________________________________________________
|||||||||||||||||||||||||||||||||||||||||||||||||||||||||||||||||||||||||Running simulation 275 of 1000 
_________________________________________________________________________
|||||||||||||||||||||||||||||||||||||||||||||||||||||||||||||||||||||||||Running simulation 276 of 1000 
_________________________________________________________________________
|||||||||||||||||||||||||||||||||||||||||||||||||||||||||||||||||||||||||Running simulation 277 of 1000 
_________________________________________________________________________
|||||||||||||||||||||||||||||||||||||||||||||||||||||||||||||||||||||||||Running simulation 278 of 1000 
_________________________________________________________________________
|||||||||||||||||||||||||||||||||||||||||||||||||||||||||||||||||||||||||Running simulation 279 of 1000 
_________________________________________________________________________
|||||||||||||||||||||||||||||||||||||||||||||||||||||||||||||||||||||||||Running simulation 280 of 1000 
_________________________________________________________________________
|||||||||||||||||||||||||||||||||||||||||||||||||||||||||||||||||||||||||[slurmR info] job-status: OK.

