[slurmR info] Loading variables and functions... done loading variables and functions.
[slurmR info] Loading packages ... 

Attaching package: ‘dplyr’

The following objects are masked from ‘package:data.table’:

    between, first, last

The following objects are masked from ‘package:stats’:

    filter, lag

The following objects are masked from ‘package:base’:

    intersect, setdiff, setequal, union

── Attaching core tidyverse packages ──────────────────────── tidyverse 2.0.0 ──
✔ forcats   1.0.0     ✔ stringr   1.5.1
✔ lubridate 1.9.3     ✔ tibble    3.2.1
✔ purrr     1.0.4     ✔ tidyr     1.3.1
✔ readr     2.1.5     
── Conflicts ────────────────────────────────────────── tidyverse_conflicts() ──
✖ dplyr::between()     masks data.table::between()
✖ dplyr::filter()      masks stats::filter()
✖ dplyr::first()       masks data.table::first()
✖ lubridate::hour()    masks data.table::hour()
✖ lubridate::isoweek() masks data.table::isoweek()
✖ dplyr::lag()         masks stats::lag()
✖ dplyr::last()        masks data.table::last()
✖ lubridate::mday()    masks data.table::mday()
✖ lubridate::minute()  masks data.table::minute()
✖ lubridate::month()   masks data.table::month()
✖ lubridate::quarter() masks data.table::quarter()
✖ lubridate::second()  masks data.table::second()
✖ lubridate::today()   masks epiworldR::today()
✖ purrr::transpose()   masks data.table::transpose()
✖ lubridate::wday()    masks data.table::wday()
✖ lubridate::week()    masks data.table::week()
✖ lubridate::yday()    masks data.table::yday()
✖ lubridate::year()    masks data.table::year()
ℹ Use the conflicted package (<http://conflicted.r-lib.org/>) to force all conflicts to become errors

Attaching package: ‘gridExtra’

The following object is masked from ‘package:dplyr’:

    combine


Attaching package: ‘cowplot’

The following object is masked from ‘package:lubridate’:

    stamp

[slurmR info] done loading packages.
Running simulation 301 of 1000 
_________________________________________________________________________
|||||||||||||||||||||||||||||||||||||||||||||||||||||||||||||||||||||||||Running simulation 302 of 1000 
_________________________________________________________________________
|||||||||||||||||||||||||||||||||||||||||||||||||||||||||||||||||||||||||Running simulation 303 of 1000 
_________________________________________________________________________
|||||||||||||||||||||||||||||||||||||||||||||||||||||||||||||||||||||||||Running simulation 304 of 1000 
_________________________________________________________________________
|||||||||||||||||||||||||||||||||||||||||||||||||||||||||||||||||||||||||Running simulation 305 of 1000 
_________________________________________________________________________
|||||||||||||||||||||||||||||||||||||||||||||||||||||||||||||||||||||||||Running simulation 306 of 1000 
_________________________________________________________________________
|||||||||||||||||||||||||||||||||||||||||||||||||||||||||||||||||||||||||Running simulation 307 of 1000 
_________________________________________________________________________
|||||||||||||||||||||||||||||||||||||||||||||||||||||||||||||||||||||||||Running simulation 308 of 1000 
_________________________________________________________________________
|||||||||||||||||||||||||||||||||||||||||||||||||||||||||||||||||||||||||Running simulation 309 of 1000 
_________________________________________________________________________
|||||||||||||||||||||||||||||||||||||||||||||||||||||||||||||||||||||||||Running simulation 310 of 1000 
_________________________________________________________________________
|||||||||||||||||||||||||||||||||||||||||||||||||||||||||||||||||||||||||[slurmR info] job-status: OK.

